# JRE version: OpenJDK Runtime Environment (8.0_212-b04) (build 1.8.0_212-release-1586-b04)
# Java VM: OpenJDK 64-Bit Server VM (25.212-b04 mixed mode windows-amd64 compressed oops)
Heap:
 PSYoungGen      total 418816K, used 44308K [0x00000000e0000000, 0x00000000fbf00000, 0x0000000100000000)
  eden space 394240K, 10% used [0x00000000e0000000,0x00000000e28f41c8,0x00000000f8100000)
  from space 24576K, 9% used [0x00000000fa700000,0x00000000fa951148,0x00000000fbf00000)
  to   space 31744K, 0% used [0x00000000f8100000,0x00000000f8100000,0x00000000fa000000)
 ParOldGen       total 323072K, used 111322K [0x00000000a0000000, 0x00000000b3b80000, 0x00000000e0000000)
  object space 323072K, 34% used [0x00000000a0000000,0x00000000a6cb68f8,0x00000000b3b80000)
 Metaspace       used 97183K, capacity 101716K, committed 102604K, reserved 1138688K
  class space    used 12498K, capacity 13464K, committed 13812K, reserved 1048576K
GC Heap History (10 events):
Event: 13269.127 GC heap before
{Heap before GC invocations=28 (full 4):
 PSYoungGen      total 263680K, used 247538K [0x00000000e0000000, 0x00000000f5880000, 0x0000000100000000)
  eden space 235520K, 100% used [0x00000000e0000000,0x00000000ee600000,0x00000000ee600000)
  from space 28160K, 42% used [0x00000000ee600000,0x00000000ef1bc858,0x00000000f0180000)
  to   space 27648K, 0% used [0x00000000f3d80000,0x00000000f3d80000,0x00000000f5880000)
 ParOldGen       total 323072K, used 70239K [0x00000000a0000000, 0x00000000b3b80000, 0x00000000e0000000)
  object space 323072K, 21% used [0x00000000a0000000,0x00000000a4497ec0,0x00000000b3b80000)
 Metaspace       used 94982K, capacity 98826K, committed 100812K, reserved 1136640K
  class space    used 12176K, capacity 12985K, committed 13556K, reserved 1048576K
Event: 13269.136 GC heap after
Heap after GC invocations=28 (full 4):
 PSYoungGen      total 317952K, used 3804K [0x00000000e0000000, 0x00000000f5600000, 0x0000000100000000)
  eden space 292864K, 0% used [0x00000000e0000000,0x00000000e0000000,0x00000000f1e00000)
  from space 25088K, 15% used [0x00000000f3d80000,0x00000000f41372c0,0x00000000f5600000)
  to   space 28672K, 0% used [0x00000000f1e00000,0x00000000f1e00000,0x00000000f3a00000)
 ParOldGen       total 323072K, used 80728K [0x00000000a0000000, 0x00000000b3b80000, 0x00000000e0000000)
  object space 323072K, 24% used [0x00000000a0000000,0x00000000a4ed6298,0x00000000b3b80000)
 Metaspace       used 94982K, capacity 98826K, committed 100812K, reserved 1136640K
  class space    used 12176K, capacity 12985K, committed 13556K, reserved 1048576K
}
Event: 13270.488 GC heap before
{Heap before GC invocations=29 (full 4):
 PSYoungGen      total 317952K, used 296668K [0x00000000e0000000, 0x00000000f5600000, 0x0000000100000000)
  eden space 292864K, 100% used [0x00000000e0000000,0x00000000f1e00000,0x00000000f1e00000)
  from space 25088K, 15% used [0x00000000f3d80000,0x00000000f41372c0,0x00000000f5600000)
  to   space 28672K, 0% used [0x00000000f1e00000,0x00000000f1e00000,0x00000000f3a00000)
 ParOldGen       total 323072K, used 80728K [0x00000000a0000000, 0x00000000b3b80000, 0x00000000e0000000)
  object space 323072K, 24% used [0x00000000a0000000,0x00000000a4ed6298,0x00000000b3b80000)
 Metaspace       used 95041K, capacity 98902K, committed 100812K, reserved 1136640K
  class space    used 12178K, capacity 12987K, committed 13556K, reserved 1048576K
Event: 13270.499 GC heap after
Heap after GC invocations=29 (full 4):
 PSYoungGen      total 321536K, used 8002K [0x00000000e0000000, 0x00000000f8680000, 0x0000000100000000)
  eden space 292864K, 0% used [0x00000000e0000000,0x00000000e0000000,0x00000000f1e00000)
  from space 28672K, 27% used [0x00000000f1e00000,0x00000000f25d0bf0,0x00000000f3a00000)
  to   space 28672K, 0% used [0x00000000f6a80000,0x00000000f6a80000,0x00000000f8680000)
 ParOldGen       total 323072K, used 83550K [0x00000000a0000000, 0x00000000b3b80000, 0x00000000e0000000)
  object space 323072K, 25% used [0x00000000a0000000,0x00000000a5197878,0x00000000b3b80000)
 Metaspace       used 95041K, capacity 98902K, committed 100812K, reserved 1136640K
  class space    used 12178K, capacity 12987K, committed 13556K, reserved 1048576K
}
Event: 13271.405 GC heap before
{Heap before GC invocations=30 (full 4):
 PSYoungGen      total 321536K, used 300866K [0x00000000e0000000, 0x00000000f8680000, 0x0000000100000000)
  eden space 292864K, 100% used [0x00000000e0000000,0x00000000f1e00000,0x00000000f1e00000)
  from space 28672K, 27% used [0x00000000f1e00000,0x00000000f25d0bf0,0x00000000f3a00000)
  to   space 28672K, 0% used [0x00000000f6a80000,0x00000000f6a80000,0x00000000f8680000)
 ParOldGen       total 323072K, used 83550K [0x00000000a0000000, 0x00000000b3b80000, 0x00000000e0000000)
  object space 323072K, 25% used [0x00000000a0000000,0x00000000a5197878,0x00000000b3b80000)
 Metaspace       used 95073K, capacity 98928K, committed 100812K, reserved 1136640K
  class space    used 12179K, capacity 12988K, committed 13556K, reserved 1048576K
Event: 13271.435 GC heap after
Heap after GC invocations=30 (full 4):
 PSYoungGen      total 372224K, used 15752K [0x00000000e0000000, 0x00000000f8780000, 0x0000000100000000)
  eden space 343552K, 0% used [0x00000000e0000000,0x00000000e0000000,0x00000000f4f80000)
  from space 28672K, 54% used [0x00000000f6a80000,0x00000000f79e2068,0x00000000f8680000)
  to   space 27648K, 0% used [0x00000000f4f80000,0x00000000f4f80000,0x00000000f6a80000)
 ParOldGen       total 323072K, used 91018K [0x00000000a0000000, 0x00000000b3b80000, 0x00000000e0000000)
  object space 323072K, 28% used [0x00000000a0000000,0x00000000a58e2a68,0x00000000b3b80000)
 Metaspace       used 95073K, capacity 98928K, committed 100812K, reserved 1136640K
  class space    used 12179K, capacity 12988K, committed 13556K, reserved 1048576K
}
Event: 13272.794 GC heap before
{Heap before GC invocations=31 (full 4):
 PSYoungGen      total 372224K, used 359297K [0x00000000e0000000, 0x00000000f8780000, 0x0000000100000000)
  eden space 343552K, 99% used [0x00000000e0000000,0x00000000f4f7e3d0,0x00000000f4f80000)
  from space 28672K, 54% used [0x00000000f6a80000,0x00000000f79e2068,0x00000000f8680000)
  to   space 27648K, 0% used [0x00000000f4f80000,0x00000000f4f80000,0x00000000f6a80000)
 ParOldGen       total 323072K, used 96006K [0x00000000a0000000, 0x00000000b3b80000, 0x00000000e0000000)
  object space 323072K, 29% used [0x00000000a0000000,0x00000000a5dc1a10,0x00000000b3b80000)
 Metaspace       used 96141K, capacity 100076K, committed 101708K, reserved 1136640K
  class space    used 12310K, capacity 13122K, committed 13684K, reserved 1048576K
Event: 13272.810 GC heap after
Heap after GC invocations=31 (full 4):
 PSYoungGen      total 371200K, used 27404K [0x00000000e0000000, 0x00000000fc580000, 0x0000000100000000)
  eden space 343552K, 0% used [0x00000000e0000000,0x00000000e0000000,0x00000000f4f80000)
  from space 27648K, 99% used [0x00000000f4f80000,0x00000000f6a433f0,0x00000000f6a80000)
  to   space 31232K, 0% used [0x00000000fa700000,0x00000000fa700000,0x00000000fc580000)
 ParOldGen       total 323072K, used 110718K [0x00000000a0000000, 0x00000000b3b80000, 0x00000000e0000000)
  object space 323072K, 34% used [0x00000000a0000000,0x00000000a6c1f968,0x00000000b3b80000)
 Metaspace       used 96141K, capacity 100076K, committed 101708K, reserved 1136640K
  class space    used 12310K, capacity 13122K, committed 13684K, reserved 1048576K
}
Event: 16289.411 GC heap before
{Heap before GC invocations=32 (full 4):
 PSYoungGen      total 371200K, used 370956K [0x00000000e0000000, 0x00000000fc580000, 0x0000000100000000)
  eden space 343552K, 100% used [0x00000000e0000000,0x00000000f4f80000,0x00000000f4f80000)
  from space 27648K, 99% used [0x00000000f4f80000,0x00000000f6a433f0,0x00000000f6a80000)
  to   space 31232K, 0% used [0x00000000fa700000,0x00000000fa700000,0x00000000fc580000)
 ParOldGen       total 323072K, used 110720K [0x00000000a0000000, 0x00000000b3b80000, 0x00000000e0000000)
  object space 323072K, 34% used [0x00000000a0000000,0x00000000a6c201a8,0x00000000b3b80000)
 Metaspace       used 96667K, capacity 100714K, committed 102220K, reserved 1138688K
  class space    used 12395K, capacity 13235K, committed 13684K, reserved 1048576K
Event: 16289.419 GC heap after
Heap after GC invocations=32 (full 4):
 PSYoungGen      total 418816K, used 2372K [0x00000000e0000000, 0x00000000fbf00000, 0x0000000100000000)
  eden space 394240K, 0% used [0x00000000e0000000,0x00000000e0000000,0x00000000f8100000)
  from space 24576K, 9% used [0x00000000fa700000,0x00000000fa951148,0x00000000fbf00000)
  to   space 31744K, 0% used [0x00000000f8100000,0x00000000f8100000,0x00000000fa000000)
 ParOldGen       total 323072K, used 111322K [0x00000000a0000000, 0x00000000b3b80000, 0x00000000e0000000)
  object space 323072K, 34% used [0x00000000a0000000,0x00000000a6cb68f8,0x00000000b3b80000)
 Metaspace       used 96667K, capacity 100714K, committed 102220K, reserved 1138688K
  class space    used 12395K, capacity 13235K, committed 13684K, reserved 1048576K
}

